<?xml version="1.0" encoding="UTF-8"?>
<testng-results ignored="0" total="1" passed="1" failed="0" skipped="0">
  <reporter-output>
  </reporter-output>
  <suite started-at="2020-10-23T12:41:39 IST" name="Default suite" finished-at="2020-10-23T12:42:16 IST" duration-ms="37525">
    <groups>
    </groups>
    <test started-at="2020-10-23T12:41:39 IST" name="Default test" finished-at="2020-10-23T12:42:16 IST" duration-ms="37525">
      <class name="practice.Loginbrowser">
        <test-method signature="VerifyBrowserOpen()[pri:0, instance:practice.Loginbrowser@1fe51010]" started-at="2020-10-23T12:41:39 IST" name="VerifyBrowserOpen" finished-at="2020-10-23T12:42:16 IST" duration-ms="37405" status="PASS">
          <reporter-output>
          </reporter-output>
        </test-method> <!-- VerifyBrowserOpen -->
      </class> <!-- practice.Loginbrowser -->
    </test> <!-- Default test -->
  </suite> <!-- Default suite -->
</testng-results>
